<?xml version="1.0" encoding="UTF-8"?>
<testng-results ignored="0" total="2" passed="2" failed="0" skipped="0">
  <reporter-output>
  </reporter-output>
  <suite started-at="2021-05-24T05:42:17Z" name="Default suite" finished-at="2021-05-24T05:42:41Z" duration-ms="23941">
    <groups>
    </groups>
    <test started-at="2021-05-24T05:42:17Z" name="Default test" finished-at="2021-05-24T05:42:41Z" duration-ms="23941">
      <class name="Steps.Cs6Extent">
        <test-method is-config="true" signature="OpenBrowser()[pri:0, instance:Steps.Cs6Extent@4e6f2bb5]" started-at="2021-05-24T05:42:17Z" name="OpenBrowser" finished-at="2021-05-24T05:42:21Z" duration-ms="3967" status="PASS">
          <reporter-output>
          </reporter-output>
        </test-method> <!-- OpenBrowser -->
        <test-method signature="navigation()[pri:1, instance:Steps.Cs6Extent@4e6f2bb5]" started-at="2021-05-24T05:42:21Z" name="navigation" finished-at="2021-05-24T05:42:32Z" duration-ms="11456" status="PASS">
          <reporter-output>
          </reporter-output>
        </test-method> <!-- navigation -->
        <test-method is-config="true" signature="banner()[pri:0, instance:Steps.Cs6Extent@4e6f2bb5]" started-at="2021-05-24T05:42:33Z" name="banner" finished-at="2021-05-24T05:42:33Z" duration-ms="270" status="PASS">
          <reporter-output>
          </reporter-output>
        </test-method> <!-- banner -->
        <test-method is-config="true" signature="list()[pri:0, instance:Steps.Cs6Extent@4e6f2bb5]" started-at="2021-05-24T05:42:33Z" name="list" finished-at="2021-05-24T05:42:33Z" duration-ms="443" status="PASS">
          <reporter-output>
          </reporter-output>
        </test-method> <!-- list -->
        <test-method signature="nav()[pri:2, instance:Steps.Cs6Extent@4e6f2bb5]" started-at="2021-05-24T05:42:33Z" name="nav" finished-at="2021-05-24T05:42:36Z" duration-ms="2453" status="PASS">
          <reporter-output>
          </reporter-output>
        </test-method> <!-- nav -->
        <test-method is-config="true" signature="banner()[pri:0, instance:Steps.Cs6Extent@4e6f2bb5]" started-at="2021-05-24T05:42:36Z" name="banner" finished-at="2021-05-24T05:42:36Z" duration-ms="269" status="PASS">
          <reporter-output>
          </reporter-output>
        </test-method> <!-- banner -->
        <test-method is-config="true" signature="list()[pri:0, instance:Steps.Cs6Extent@4e6f2bb5]" started-at="2021-05-24T05:42:36Z" name="list" finished-at="2021-05-24T05:42:36Z" duration-ms="222" status="PASS">
          <reporter-output>
          </reporter-output>
        </test-method> <!-- list -->
        <test-method is-config="true" signature="closeBrowser()[pri:0, instance:Steps.Cs6Extent@4e6f2bb5]" started-at="2021-05-24T05:42:36Z" name="closeBrowser" finished-at="2021-05-24T05:42:41Z" duration-ms="4538" status="PASS">
          <reporter-output>
          </reporter-output>
        </test-method> <!-- closeBrowser -->
      </class> <!-- Steps.Cs6Extent -->
    </test> <!-- Default test -->
  </suite> <!-- Default suite -->
</testng-results>
